d:\edit\kodlama projeler\sonic heroes memory editor\sonic heroes memory editor\x64\release\vc143.pdb
d:\edit\kodlama projeler\sonic heroes memory editor\sonic heroes memory editor\x64\release\main.obj
d:\edit\kodlama projeler\sonic heroes memory editor\sonic heroes memory editor\x64\release\imgui_widgets.obj
d:\edit\kodlama projeler\sonic heroes memory editor\sonic heroes memory editor\x64\release\imgui_tables.obj
d:\edit\kodlama projeler\sonic heroes memory editor\sonic heroes memory editor\x64\release\imgui_impl_opengl3.obj
d:\edit\kodlama projeler\sonic heroes memory editor\sonic heroes memory editor\x64\release\imgui_impl_glfw.obj
d:\edit\kodlama projeler\sonic heroes memory editor\sonic heroes memory editor\x64\release\imgui_draw.obj
d:\edit\kodlama projeler\sonic heroes memory editor\sonic heroes memory editor\x64\release\imgui_demo.obj
d:\edit\kodlama projeler\sonic heroes memory editor\sonic heroes memory editor\x64\release\imgui.obj
d:\edit\kodlama projeler\sonic heroes memory editor\x64\release\sonic heroes memory editor.exe
d:\edit\kodlama projeler\sonic heroes memory editor\x64\release\sonic heroes memory editor.pdb
d:\edit\kodlama projeler\sonic heroes memory editor\sonic heroes memory editor\x64\release\sonic heroes memory editor.ipdb
d:\edit\kodlama projeler\sonic heroes memory editor\sonic heroes memory editor\x64\release\sonic heroes memory editor.iobj
d:\edit\kodlama projeler\sonic heroes memory editor\sonic heroes memory editor\x64\release\sonic he.776f86c9.tlog\cl.command.1.tlog
d:\edit\kodlama projeler\sonic heroes memory editor\sonic heroes memory editor\x64\release\sonic he.776f86c9.tlog\cl.items.tlog
d:\edit\kodlama projeler\sonic heroes memory editor\sonic heroes memory editor\x64\release\sonic he.776f86c9.tlog\cl.read.1.tlog
d:\edit\kodlama projeler\sonic heroes memory editor\sonic heroes memory editor\x64\release\sonic he.776f86c9.tlog\cl.write.1.tlog
d:\edit\kodlama projeler\sonic heroes memory editor\sonic heroes memory editor\x64\release\sonic he.776f86c9.tlog\link.command.1.tlog
d:\edit\kodlama projeler\sonic heroes memory editor\sonic heroes memory editor\x64\release\sonic he.776f86c9.tlog\link.read.1.tlog
d:\edit\kodlama projeler\sonic heroes memory editor\sonic heroes memory editor\x64\release\sonic he.776f86c9.tlog\link.secondary.1.tlog
d:\edit\kodlama projeler\sonic heroes memory editor\sonic heroes memory editor\x64\release\sonic he.776f86c9.tlog\link.write.1.tlog
